2025-05-28T19:51:52Z | ddb0c5a5 | START | 
2025-05-28T19:51:52Z | server listening on 0.0.0.0:8765
2025-05-28T19:51:59Z | connection open
2025-05-28T19:51:59Z | ddb0c5a5 | KEY_EXCHANGE | role=server | e=65537 | n=14173470709917443343004137360565883022212615800500954081816766201849295549417109546106992606499084822930454170845874699744608775957956850872626687042902921676607083078643087582919579769145449056461921909604669066040980432549752958855641966605826450201214567185456502505876406153989650895597109976750139410639791538491841397967341001362514518371814429108644354165071406973876697558654794956285433033268393620177305719148818686737274039245376650380651635725972829970028590187749083832156617451259616563774468632108766442047799303481909673863913485271904130273503091868208025890471793607384171212333016290096034502738101
2025-05-28T19:52:01Z | ddb0c5a5 | RECV | m=bom dia | c=1009639450974147239935520033717278126996154645646536725593568061585656510225968278735482379269175763892465557241470982896779988786464191177301527429349189764129547546903397432093858656539033798224829083313899610749879467134630807621606908240011568698618406884792589757315139598700667429010182572616818512816583805559088855159268369334944044708706128043381173598358040476397685842122851521831104320371205731719992887148774280430860696961094203212488869441228214779481013479090407535748924933014871638100404377217399809842464051867516952457356782904439029881525733363049369757738487594756797880896808116012702865545985 | s=10083481131851064236465444468390856356598368423071971322898886825169210440559516557088966595761815966735926027538385048438067701285109261898747053638981619541922630115602542645262713149241133277162902987814919523401985858137491788212885064021019276462782614737232388686181520738607899605646635014668870053109482557083820058118531640498224639172768678061055098799339874012470383954205291616305956508115318574277561653069940900960639788060614450612898747024560511557074701086676365172850922571657808456990269473605642824576946728107412868343527084860947418244157330282187584120269597134162199968004655575812464775860799
2025-05-28T19:52:01Z | ddb0c5a5 | VERIFY_OK | 
2025-05-28T19:52:08Z | ddb0c5a5 | SEND | m=bom dia | c=5019297254593917359410419974513310097469379000963570305641118060225973254488110111184563604054061827722512394531635048066655276022627732211976824362555326655491403382477844186362636591108270172975863300199545332775733206582207598133071189636025073866897016757462175669248213711834518005172730679821476097962537464774487013712556036399015717575485414350848665509755376373456987485835869308057511127816002881172756564013399208639349620186434823643019998749842991612828821670816683579796006043777272531422903978424600837079788594678700997327452922178684231826131753816551539059412472994550132937044307931281906450348029 | s=10195762998920427181898983325836002378886985056551647432833541897519257281821997794585580385290178103778134676789330574690898321518284335021332030294948341737052709919330540839700839626486160259342677580497415943015012212787072384312813054723115134931999517448610258549156383435851286873824401826357948380048273290655277857617865595780025333171902608630695003247824913675029626790738458778434542172901780603604482127608201690878055232056111689957290839843516703379138262902105709832908737784330415883602226838235273371261777789341362680991272144268181761727793120093681899000061007249965709602494719936856358231281330
2025-05-28T19:56:56Z | ddb0c5a5 | SEND | m=fala ai | c=5273514979316390708576185886819453343781724501323684219887044256984205249222061068609755335618054398582727370246095554926123586233833379053185594386283264500831512128008514441685254602701328842350871763794412416659349971745294295507125668088234546184346457438118362993785367591084504163424730948385287292401385327489014672922258987550541183826459625761746747989391808350715921109789582592249648542612586659617029303131136212053127487194887756586004792402837863545408610663250386634638725818140988274079026716944563651359542709716175978089158571508817917001217518356133776876876514361417257599562167605504359256267954 | s=6476079960384976173718366700021376720290465799451374441383162501100066418974609170875881258196416929404159137888189051102805981389698794252775746351248318913171245967433151328621927624573635880786581181014629138706876772313535172671446285465367279468738840270543276253291384664973611409100566998891303156382264670013160187847651989410767748853691207541696713756157785197693580789650495158024122449874713217806938860236174138287424079140362191307357178365887520569623146926008283449641131581076472160851621329913259191372535972404417922525035081950810904086531022036044835349974052831905051072876916737609155628039034
2025-05-28T21:04:30Z | server closing
2025-05-28T21:04:30Z | connection handler failed
Traceback (most recent call last):
  File "C:\Users\gusta\AppData\Roaming\Python\Python313\site-packages\websockets\asyncio\server.py", line 376, in conn_handler
    await self.handler(connection)
  File "C:\Users\gusta\OneDrive\Área de Trabalho\webhook\chat_server.py", line 68, in handler
    msg = await loop.run_in_executor(None, input, "")  # não bloqueia loop
    ^^^^^^^^^^^^^^^^^^^^^^^^^^^^^^^^^^^^^^^^^^^^^^^^^^^^^^
  File "C:\Users\gusta\OneDrive\Área de Trabalho\webhook\chat_server.py", line 47, in console_to_socket
    e, n = pub
    
  File "C:\Python313\Lib\concurrent\futures\thread.py", line 59, in run
    result = self.fn(*self.args, **self.kwargs)
EOFError
2025-05-28T21:04:30Z | server closed
